TN:
SF:src\index.tsx
FN:14,App
FNF:1
FNH:0
FNDA:0,App
DA:1,0
DA:2,0
DA:3,0
DA:4,0
DA:6,0
DA:8,0
DA:9,0
DA:10,0
DA:12,0
DA:14,0
DA:15,0
DA:27,0
LF:12
LH:0
BRF:0
BRH:0
end_of_record
TN:
SF:src\components\Answer\Answer.tsx
FN:28,(anonymous_0)
FN:32,(anonymous_1)
FN:46,(anonymous_2)
FN:59,(anonymous_3)
FN:64,(anonymous_4)
FN:77,(anonymous_5)
FN:81,(anonymous_6)
FN:96,(anonymous_7)
FN:97,(anonymous_8)
FN:108,(anonymous_9)
FN:114,(anonymous_10)
FN:121,(anonymous_11)
FN:130,(anonymous_12)
FN:148,(anonymous_13)
FN:156,(anonymous_14)
FN:161,(anonymous_15)
FN:174,(anonymous_16)
FN:184,(anonymous_17)
FN:186,(anonymous_18)
FN:194,(anonymous_19)
FN:202,(anonymous_20)
FN:227,(anonymous_21)
FN:228,(anonymous_22)
FN:233,(anonymous_23)
FN:238,(anonymous_24)
FN:298,(anonymous_25)
FN:300,(anonymous_26)
FNF:27
FNH:0
FNDA:0,(anonymous_0)
FNDA:0,(anonymous_1)
FNDA:0,(anonymous_2)
FNDA:0,(anonymous_3)
FNDA:0,(anonymous_4)
FNDA:0,(anonymous_5)
FNDA:0,(anonymous_6)
FNDA:0,(anonymous_7)
FNDA:0,(anonymous_8)
FNDA:0,(anonymous_9)
FNDA:0,(anonymous_10)
FNDA:0,(anonymous_11)
FNDA:0,(anonymous_12)
FNDA:0,(anonymous_13)
FNDA:0,(anonymous_14)
FNDA:0,(anonymous_15)
FNDA:0,(anonymous_16)
FNDA:0,(anonymous_17)
FNDA:0,(anonymous_18)
FNDA:0,(anonymous_19)
FNDA:0,(anonymous_20)
FNDA:0,(anonymous_21)
FNDA:0,(anonymous_22)
FNDA:0,(anonymous_23)
FNDA:0,(anonymous_24)
FNDA:0,(anonymous_25)
FNDA:0,(anonymous_26)
DA:1,0
DA:2,0
DA:3,0
DA:4,0
DA:6,0
DA:7,0
DA:8,0
DA:9,0
DA:10,0
DA:11,0
DA:12,0
DA:14,0
DA:28,0
DA:29,0
DA:32,0
DA:39,0
DA:40,0
DA:41,0
DA:42,0
DA:43,0
DA:44,0
DA:45,0
DA:46,0
DA:47,0
DA:48,0
DA:49,0
DA:52,0
DA:53,0
DA:54,0
DA:55,0
DA:56,0
DA:57,0
DA:59,0
DA:60,0
DA:61,0
DA:64,0
DA:65,0
DA:66,0
DA:67,0
DA:68,0
DA:69,0
DA:70,0
DA:71,0
DA:72,0
DA:74,0
DA:77,0
DA:78,0
DA:79,0
DA:81,0
DA:82,0
DA:83,0
DA:85,0
DA:86,0
DA:88,0
DA:89,0
DA:96,0
DA:97,0
DA:98,0
DA:99,0
DA:100,0
DA:102,0
DA:103,0
DA:105,0
DA:108,0
DA:109,0
DA:110,0
DA:114,0
DA:115,0
DA:116,0
DA:117,0
DA:121,0
DA:123,0
DA:124,0
DA:126,0
DA:130,0
DA:131,0
DA:133,0
DA:134,0
DA:135,0
DA:136,0
DA:139,0
DA:143,0
DA:145,0
DA:148,0
DA:149,0
DA:150,0
DA:151,0
DA:153,0
DA:156,0
DA:157,0
DA:158,0
DA:159,0
DA:162,0
DA:163,0
DA:164,0
DA:165,0
DA:166,0
DA:167,0
DA:168,0
DA:169,0
DA:171,0
DA:175,0
DA:176,0
DA:177,0
DA:180,0
DA:184,0
DA:185,0
DA:187,0
DA:188,0
DA:189,0
DA:194,0
DA:196,0
DA:197,0
DA:198,0
DA:200,0
DA:202,0
DA:203,0
DA:204,0
DA:205,0
DA:206,0
DA:207,0
DA:208,0
DA:209,0
DA:211,0
DA:212,0
DA:213,0
DA:214,0
DA:215,0
DA:216,0
DA:217,0
DA:218,0
DA:222,0
DA:223,0
DA:227,0
DA:228,0
DA:229,0
DA:231,0
DA:232,0
DA:233,0
DA:234,0
DA:238,0
DA:239,0
DA:242,0
DA:245,0
DA:251,0
DA:257,0
DA:261,0
DA:299,0
DA:300,0
LF:149
LH:0
BRDA:71,0,0,0
BRDA:78,1,0,0
BRDA:82,2,0,0
BRDA:85,3,0,0
BRDA:88,4,0,0
BRDA:99,5,0,0
BRDA:109,6,0,0
BRDA:109,7,0,0
BRDA:109,7,1,0
BRDA:109,7,2,0
BRDA:116,8,0,0
BRDA:116,9,0,0
BRDA:116,9,1,0
BRDA:123,10,0,0
BRDA:123,10,1,0
BRDA:130,11,0,0
BRDA:133,12,0,0
BRDA:133,12,1,0
BRDA:133,13,0,0
BRDA:133,13,1,0
BRDA:134,14,0,0
BRDA:134,14,1,0
BRDA:134,15,0,0
BRDA:134,15,1,0
BRDA:149,16,0,0
BRDA:150,17,0,0
BRDA:150,17,1,0
BRDA:157,18,0,0
BRDA:162,19,0,0
BRDA:162,19,1,0
BRDA:167,20,0,0
BRDA:167,20,1,0
BRDA:203,21,0,0
BRDA:203,21,1,0
BRDA:204,22,0,0
BRDA:204,22,1,0
BRDA:214,23,0,0
BRDA:214,23,1,0
BRDA:217,24,0,0
BRDA:239,25,0,0
BRDA:239,25,1,0
BRDA:239,26,0,0
BRDA:239,26,1,0
BRDA:239,27,0,0
BRDA:239,27,1,0
BRDA:240,28,0,0
BRDA:240,28,1,0
BRDA:240,29,0,0
BRDA:240,29,1,0
BRDA:242,30,0,0
BRDA:242,30,1,0
BRDA:242,30,2,0
BRDA:242,30,3,0
BRDA:253,31,0,0
BRDA:253,31,1,0
BRDA:276,32,0,0
BRDA:276,32,1,0
BRDA:284,33,0,0
BRDA:284,33,1,0
BRDA:287,34,0,0
BRDA:287,34,1,0
BRDA:296,35,0,0
BRDA:296,35,1,0
BRF:63
BRH:0
end_of_record
TN:
SF:src\components\Answer\AnswerParser.tsx
FN:13,(anonymous_0)
FN:14,(anonymous_1)
FN:17,parseAnswer
FN:25,(anonymous_3)
FN:36,(anonymous_4)
FNF:5
FNH:0
FNDA:0,(anonymous_0)
FNDA:0,(anonymous_1)
FNDA:0,parseAnswer
FNDA:0,(anonymous_3)
FNDA:0,(anonymous_4)
DA:2,0
DA:10,0
DA:13,0
DA:14,0
DA:17,0
DA:18,0
DA:19,0
DA:21,0
DA:23,0
DA:24,0
DA:25,0
DA:27,0
DA:28,0
DA:29,0
DA:30,0
DA:31,0
DA:32,0
DA:33,0
DA:36,0
DA:37,0
DA:38,0
DA:44,0
LF:22
LH:0
BRDA:29,0,0,0
BRDA:29,0,1,0
BRDA:29,1,0,0
BRDA:29,1,1,0
BRDA:37,2,0,0
BRF:5
BRH:0
end_of_record
TN:
SF:src\components\QuestionInput\QuestionInput.tsx
FN:24,(anonymous_0)
FN:44,(anonymous_1)
FN:54,(anonymous_2)
FN:57,(anonymous_3)
FN:73,(anonymous_4)
FN:80,(anonymous_5)
FN:102,(anonymous_6)
FN:117,(anonymous_7)
FN:150,(anonymous_8)
FNF:9
FNH:3
FNDA:1,(anonymous_0)
FNDA:1,(anonymous_1)
FNDA:1,(anonymous_2)
FNDA:0,(anonymous_3)
FNDA:0,(anonymous_4)
FNDA:0,(anonymous_5)
FNDA:0,(anonymous_6)
FNDA:0,(anonymous_7)
FNDA:0,(anonymous_8)
DA:1,1
DA:2,1
DA:3,1
DA:4,1
DA:5,1
DA:6,1
DA:7,1
DA:8,1
DA:24,1
DA:38,1
DA:39,1
DA:41,1
DA:42,1
DA:43,1
DA:44,1
DA:45,1
DA:46,0
DA:47,0
DA:48,0
DA:50,1
DA:51,1
DA:54,1
DA:55,1
DA:57,1
DA:58,0
DA:59,0
DA:62,0
DA:64,0
DA:66,0
DA:67,0
DA:68,0
DA:69,0
DA:73,1
DA:74,0
DA:75,0
DA:76,0
DA:80,1
DA:84,0
DA:85,0
DA:88,1
DA:90,1
DA:103,0
DA:104,0
DA:105,0
DA:118,0
DA:151,0
LF:46
LH:25
BRDA:45,0,0,0
BRDA:45,0,1,1
BRDA:58,1,0,0
BRDA:58,2,0,0
BRDA:58,2,1,0
BRDA:58,2,2,0
BRDA:62,3,0,0
BRDA:62,3,1,0
BRDA:66,4,0,0
BRDA:74,5,0,0
BRDA:74,6,0,0
BRDA:74,6,1,0
BRDA:84,7,0,0
BRDA:84,7,1,0
BRDA:85,8,0,0
BRDA:85,8,1,0
BRDA:88,9,0,1
BRDA:88,9,1,1
BRDA:101,10,0,1
BRDA:101,10,1,1
BRDA:103,11,0,0
BRDA:114,12,0,0
BRDA:114,12,1,1
BRDA:116,13,0,0
BRDA:116,13,1,1
BRDA:118,14,0,0
BRDA:118,14,1,0
BRDA:118,15,0,0
BRDA:118,15,1,0
BRDA:119,16,0,0
BRDA:119,16,1,0
BRDA:128,17,0,0
BRDA:128,17,1,1
BRDA:128,18,0,1
BRDA:128,18,1,1
BRDA:132,19,0,0
BRDA:132,19,1,0
BRDA:144,20,0,0
BRDA:144,20,1,1
BRDA:151,21,0,0
BRDA:151,21,1,0
BRDA:151,22,0,0
BRDA:151,22,1,0
BRDA:155,23,0,0
BRDA:155,23,1,1
BRF:45
BRH:12
end_of_record
TN:
SF:src\pages\NoPage.tsx
FN:1,(anonymous_0)
FNF:1
FNH:0
FNDA:0,(anonymous_0)
DA:1,0
DA:2,0
DA:5,0
LF:3
LH:0
BRF:0
BRH:0
end_of_record
TN:
SF:src\pages\chat\Chat.tsx
FN:34,(anonymous_0)
FN:66,(anonymous_1)
FN:99,(anonymous_2)
FN:137,(anonymous_3)
FN:147,(anonymous_4)
FN:152,(anonymous_5)
FN:169,(anonymous_6)
FN:173,(anonymous_7)
FN:180,(anonymous_8)
FN:184,(anonymous_9)
FN:196,(anonymous_10)
FN:209,(anonymous_11)
FN:216,(anonymous_12)
FN:217,(anonymous_13)
FN:223,(anonymous_14)
FN:225,(anonymous_15)
FN:242,(anonymous_16)
FN:254,(anonymous_17)
FN:266,(anonymous_18)
FN:304,(anonymous_19)
FN:328,(anonymous_20)
FN:348,(anonymous_21)
FN:371,(anonymous_22)
FN:394,(anonymous_23)
FN:405,(anonymous_24)
FN:428,(anonymous_25)
FNF:26
FNH:0
FNDA:0,(anonymous_0)
FNDA:0,(anonymous_1)
FNDA:0,(anonymous_2)
FNDA:0,(anonymous_3)
FNDA:0,(anonymous_4)
FNDA:0,(anonymous_5)
FNDA:0,(anonymous_6)
FNDA:0,(anonymous_7)
FNDA:0,(anonymous_8)
FNDA:0,(anonymous_9)
FNDA:0,(anonymous_10)
FNDA:0,(anonymous_11)
FNDA:0,(anonymous_12)
FNDA:0,(anonymous_13)
FNDA:0,(anonymous_14)
FNDA:0,(anonymous_15)
FNDA:0,(anonymous_16)
FNDA:0,(anonymous_17)
FNDA:0,(anonymous_18)
FNDA:0,(anonymous_19)
FNDA:0,(anonymous_20)
FNDA:0,(anonymous_21)
FNDA:0,(anonymous_22)
FNDA:0,(anonymous_23)
FNDA:0,(anonymous_24)
FNDA:0,(anonymous_25)
DA:1,0
DA:2,0
DA:3,0
DA:8,0
DA:12,0
DA:13,0
DA:14,0
DA:15,0
DA:17,0
DA:18,0
DA:19,0
DA:21,0
DA:30,0
DA:31,0
DA:32,0
DA:34,0
DA:35,0
DA:36,0
DA:37,0
DA:38,0
DA:40,0
DA:42,0
DA:53,0
DA:54,0
DA:55,0
DA:56,0
DA:57,0
DA:58,0
DA:59,0
DA:60,0
DA:61,0
DA:62,0
DA:63,0
DA:64,0
DA:66,0
DA:67,0
DA:69,0
DA:70,0
DA:71,0
DA:72,0
DA:74,0
DA:79,0
DA:84,0
DA:85,0
DA:86,0
DA:90,0
DA:91,0
DA:92,0
DA:93,0
DA:94,0
DA:95,0
DA:97,0
DA:98,0
DA:99,0
DA:100,0
DA:101,0
DA:102,0
DA:103,0
DA:104,0
DA:105,0
DA:111,0
DA:117,0
DA:121,0
DA:124,0
DA:125,0
DA:126,0
DA:129,0
DA:132,0
DA:134,0
DA:135,0
DA:136,0
DA:137,0
DA:141,0
DA:144,0
DA:145,0
DA:147,0
DA:148,0
DA:149,0
DA:150,0
DA:152,0
DA:153,0
DA:154,0
DA:156,0
DA:157,0
DA:158,0
DA:161,0
DA:163,0
DA:164,0
DA:168,0
DA:170,0
DA:171,0
DA:174,0
DA:180,0
DA:181,0
DA:183,0
DA:184,0
DA:186,0
DA:189,0
DA:190,0
DA:191,0
DA:192,0
DA:196,0
DA:198,0
DA:199,0
DA:200,0
DA:201,0
DA:202,0
DA:204,0
DA:205,0
DA:209,0
DA:210,0
DA:211,0
DA:212,0
DA:213,0
DA:216,0
DA:217,0
DA:218,0
DA:219,0
DA:222,0
DA:224,0
DA:225,0
DA:226,0
DA:227,0
DA:228,0
DA:229,0
DA:231,0
DA:233,0
DA:236,0
DA:242,0
DA:243,0
DA:251,0
DA:254,0
DA:255,0
DA:256,0
DA:257,0
DA:258,0
DA:260,0
DA:263,0
DA:266,0
DA:267,0
DA:268,0
DA:269,0
DA:273,0
DA:305,0
DA:328,0
DA:348,0
DA:372,0
DA:395,0
DA:405,0
DA:428,0
DA:447,0
LF:151
LH:0
BRDA:76,0,0,0
BRDA:76,0,1,0
BRDA:90,1,0,0
BRDA:95,2,0,0
BRDA:104,3,0,0
BRDA:104,3,1,0
BRDA:124,4,0,0
BRDA:125,5,0,0
BRDA:125,5,1,0
BRDA:148,6,0,0
BRDA:153,7,0,0
BRDA:156,8,0,0
BRDA:181,9,0,0
BRDA:183,10,0,0
BRDA:200,11,0,0
BRDA:200,11,1,0
BRDA:228,12,0,0
BRDA:246,13,0,0
BRDA:246,13,1,0
BRDA:247,14,0,0
BRDA:247,14,1,0
BRDA:255,15,0,0
BRDA:267,16,0,0
BRDA:269,17,0,0
BRDA:269,17,1,0
BRDA:278,18,0,0
BRDA:278,18,1,0
BRDA:281,19,0,0
BRDA:281,19,1,0
BRDA:287,20,0,0
BRDA:287,20,1,0
BRDA:302,21,0,0
BRDA:302,21,1,0
BRDA:306,22,0,0
BRDA:306,22,1,0
BRDA:312,23,0,0
BRDA:312,23,1,0
BRDA:312,24,0,0
BRDA:312,24,1,0
BRDA:317,25,0,0
BRDA:317,25,1,0
BRDA:322,26,0,0
BRDA:322,26,1,0
BRDA:335,27,0,0
BRDA:335,27,1,0
BRDA:358,28,0,0
BRDA:358,28,1,0
BRDA:358,28,2,0
BRDA:359,29,0,0
BRDA:359,29,1,0
BRDA:363,30,0,0
BRDA:363,30,1,0
BRDA:372,31,0,0
BRDA:372,31,1,0
BRDA:372,32,0,0
BRDA:372,32,1,0
BRDA:388,33,0,0
BRDA:388,33,1,0
BRDA:388,34,0,0
BRDA:388,34,1,0
BRDA:391,35,0,0
BRDA:391,35,1,0
BRDA:391,36,0,0
BRDA:391,36,1,0
BRDA:395,37,0,0
BRDA:395,37,1,0
BRDA:395,38,0,0
BRDA:395,38,1,0
BRDA:417,39,0,0
BRDA:417,39,1,0
BRDA:417,39,2,0
BRDA:417,39,3,0
BRF:72
BRH:0
end_of_record
TN:
SF:src\pages\chat\Cards_contract\Cards.tsx
FN:9,(anonymous_0)
FN:44,(anonymous_1)
FNF:2
FNH:0
FNDA:0,(anonymous_0)
FNDA:0,(anonymous_1)
DA:4,0
DA:5,0
DA:6,0
DA:7,0
DA:9,0
DA:10,0
DA:44,0
DA:45,0
DA:54,0
LF:9
LH:0
BRF:0
BRH:0
end_of_record
TN:
SF:src\pages\layout\Layout.tsx
FN:8,(anonymous_0)
FN:13,(anonymous_1)
FN:17,(anonymous_2)
FN:23,(anonymous_3)
FN:28,(anonymous_4)
FN:48,(anonymous_5)
FN:87,(anonymous_6)
FNF:7
FNH:2
FNDA:1,(anonymous_0)
FNDA:0,(anonymous_1)
FNDA:0,(anonymous_2)
FNDA:0,(anonymous_3)
FNDA:1,(anonymous_4)
FNDA:0,(anonymous_5)
FNDA:0,(anonymous_6)
DA:1,1
DA:2,1
DA:3,1
DA:4,1
DA:5,1
DA:6,1
DA:8,1
DA:9,1
DA:10,1
DA:11,1
DA:13,1
DA:14,0
DA:17,1
DA:18,0
DA:19,0
DA:20,0
DA:23,1
DA:24,0
DA:25,0
DA:28,1
DA:29,1
DA:30,0
DA:34,1
DA:48,0
DA:87,0
DA:98,1
LF:26
LH:17
BRDA:29,0,0,0
BRDA:48,1,0,0
BRDA:48,1,1,0
BRDA:48,2,0,0
BRDA:48,2,1,0
BRDA:87,3,0,0
BRDA:87,3,1,0
BRDA:87,4,0,0
BRDA:87,4,1,0
BRF:9
BRH:0
end_of_record
TN:
SF:src\util\SpeechToText.tsx
FN:8,(anonymous_0)
FN:23,(anonymous_1)
FNF:2
FNH:0
FNDA:0,(anonymous_0)
FNDA:0,(anonymous_1)
DA:1,0
DA:8,0
DA:9,0
DA:10,0
DA:12,0
DA:13,0
DA:14,0
DA:16,0
DA:18,0
DA:19,0
DA:23,0
DA:24,0
DA:26,0
DA:31,0
DA:33,0
DA:34,0
DA:35,0
DA:37,0
DA:38,0
LF:19
LH:0
BRDA:12,0,0,0
BRF:1
BRH:0
end_of_record
